<?xml version="1.0" encoding="UTF-8"?><testsuite errors="0" failures="0" name="com.automation.testcases.Assignment_2" skipped="0" tests="3" time="2.67" timestamp="2019-03-20 09:14:05"><testcase classname="com.automation.testcases.Assignment_2" name="Validate that there are 5 records found"/><testcase classname="com.automation.testcases.Assignment_2" name="Validate that largest city is Hyderabad Amaravati"/><testcase classname="com.automation.testcases.Assignment_2" name="Print the details of Madhya Pradesh on command line"/></testsuite>