<?xml version="1.0" encoding="UTF-8"?><testsuite errors="0" failures="0" name="com.automation.testcases.Assignment_1" skipped="0" tests="3" time="0.63" timestamp="2019-03-20 09:14:11"><testcase classname="com.automation.testcases.Assignment_1" name="verify the total number of records as 36 when country code is IND"/><testcase classname="com.automation.testcases.Assignment_1" name="verify the total number of records to be 0 when country code is ind"/><testcase classname="com.automation.testcases.Assignment_1" name="verify the total number of records to be 0 when country code is Aus"/></testsuite>