<?xml version="1.0" encoding="UTF-8"?><testsuite errors="0" failures="0" name="com.automation.testcases.Assignment_3" skipped="0" tests="2" time="0.42" timestamp="2019-03-20 09:14:10"><testcase classname="com.automation.testcases.Assignment_3" name="Validate that post request is successful and status code is 201 &amp; success code is operation_success"/><testcase classname="com.automation.testcases.Assignment_3" name="Validate that post request is successful and status code is 201 &amp; success code is operation_success"/></testsuite>